Sat Oct 13 2018 00:21:24 GMT+0530 (India Standard Time) : GET : / 
Sat Oct 13 2018 00:21:24 GMT+0530 (India Standard Time) : GET : / 
Sat Oct 13 2018 00:21:25 GMT+0530 (India Standard Time) : GET : / 
Sat Oct 13 2018 00:21:25 GMT+0530 (India Standard Time) : GET : / 
Sat Oct 13 2018 00:22:57 GMT+0530 (India Standard Time) : GET : / 
Sat Oct 13 2018 10:08:45 GMT+0530 (India Standard Time) : GET : / 
Sat Oct 13 2018 10:08:47 GMT+0530 (India Standard Time) : GET : / 
Sat Oct 13 2018 10:09:29 GMT+0530 (India Standard Time) : GET : / 
Sat Oct 13 2018 10:09:34 GMT+0530 (India Standard Time) : GET : /about 
Sat Oct 13 2018 10:09:40 GMT+0530 (India Standard Time) : GET : /json 
Sat Oct 13 2018 10:09:44 GMT+0530 (India Standard Time) : GET : /js 
Sat Oct 13 2018 10:09:52 GMT+0530 (India Standard Time) : GET : /bad 
Sat Oct 13 2018 10:09:57 GMT+0530 (India Standard Time) : GET : / 
Sat Oct 13 2018 10:11:58 GMT+0530 (India Standard Time) : GET : /about 
Sat Oct 13 2018 10:12:06 GMT+0530 (India Standard Time) : GET : /bad 
Sat Oct 13 2018 10:12:14 GMT+0530 (India Standard Time) : GET : /json 
Sat Oct 13 2018 10:12:45 GMT+0530 (India Standard Time) : GET : / 
Sat Oct 13 2018 10:12:47 GMT+0530 (India Standard Time) : GET : / 
Sat Oct 13 2018 10:12:47 GMT+0530 (India Standard Time) : GET : / 
Sat Oct 13 2018 10:12:47 GMT+0530 (India Standard Time) : GET : / 
Sat Oct 13 2018 14:53:05 GMT+0530 (India Standard Time) : GET : / 
Sat Oct 13 2018 14:53:05 GMT+0530 (India Standard Time) : GET : /favicon.ico 
Sat Oct 13 2018 14:53:05 GMT+0530 (India Standard Time) : GET : / 
Sat Oct 13 2018 14:53:05 GMT+0530 (India Standard Time) : GET : /favicon.ico 
Sat Oct 13 2018 14:53:05 GMT+0530 (India Standard Time) : GET : / 
Sat Oct 13 2018 14:53:05 GMT+0530 (India Standard Time) : GET : /favicon.ico 
Sat Oct 13 2018 14:53:05 GMT+0530 (India Standard Time) : GET : / 
Sat Oct 13 2018 14:53:05 GMT+0530 (India Standard Time) : GET : /favicon.ico 
Sat Oct 13 2018 14:53:06 GMT+0530 (India Standard Time) : GET : / 
Sat Oct 13 2018 14:53:06 GMT+0530 (India Standard Time) : GET : /favicon.ico 
Sat Oct 13 2018 14:54:15 GMT+0530 (India Standard Time) : GET : / 
Sat Oct 13 2018 14:54:15 GMT+0530 (India Standard Time) : GET : /index.css 
Sat Oct 13 2018 14:54:15 GMT+0530 (India Standard Time) : GET : /imgs/logo.png 
Sat Oct 13 2018 14:54:15 GMT+0530 (India Standard Time) : GET : /imgs/home.jpg 
Sat Oct 13 2018 14:54:15 GMT+0530 (India Standard Time) : GET : /imgs/DoWhatYouLove-5.32.52-PM.png 
Sat Oct 13 2018 14:54:15 GMT+0530 (India Standard Time) : GET : /imgs/YIC-Mentors-1.jpg 
Sat Oct 13 2018 14:54:15 GMT+0530 (India Standard Time) : GET : /imgs/Coming-Soon.jpg 
Sat Oct 13 2018 14:54:17 GMT+0530 (India Standard Time) : GET : /favicon.ico 
Sat Oct 13 2018 14:54:59 GMT+0530 (India Standard Time) : GET : / 
Sat Oct 13 2018 14:55:02 GMT+0530 (India Standard Time) : GET : / 
Sat Oct 13 2018 14:55:03 GMT+0530 (India Standard Time) : GET : /about 
Sat Oct 13 2018 14:55:05 GMT+0530 (India Standard Time) : GET : / 
Sat Oct 13 2018 14:55:06 GMT+0530 (India Standard Time) : GET : /about 
Sat Oct 13 2018 14:55:51 GMT+0530 (India Standard Time) : GET : /about 
Sat Oct 13 2018 14:55:51 GMT+0530 (India Standard Time) : GET : /about 
Sat Oct 13 2018 14:55:53 GMT+0530 (India Standard Time) : GET : / 
Sat Oct 13 2018 14:55:54 GMT+0530 (India Standard Time) : GET : /about 
Sat Oct 13 2018 14:55:57 GMT+0530 (India Standard Time) : GET : / 
